<?xml version="1.0" encoding="UTF-8"?>
<!-- Generated by org.testng.reporters.JUnitReportReporter -->
<testsuite hostname="Vi" failures="0" tests="1" name="OrangeHrm.OrangeHrm.TestDemo1" time="8.461" errors="0" timestamp="2024-05-23T15:29:01 IST" skipped="0">
  <testcase classname="OrangeHrm.OrangeHrm.TestDemo1" name="Test1" time="8.461"/>
</testsuite> <!-- OrangeHrm.OrangeHrm.TestDemo1 -->
